Analysis & Synthesis report for zidongshouhuoji
Fri Dec 24 17:43:18 2021
Quartus II Version 9.0 Build 132 02/25/2009 SJ Full Version


---------------------
; Table of Contents ;
---------------------
  1. Legal Notice
  2. Analysis & Synthesis Summary
  3. Analysis & Synthesis Settings
  4. Analysis & Synthesis Source Files Read
  5. Analysis & Synthesis Resource Usage Summary
  6. Analysis & Synthesis Resource Utilization by Entity
  7. Registers Removed During Synthesis
  8. General Register Statistics
  9. Inverted Register Statistics
 10. Analysis & Synthesis Messages



----------------
; Legal Notice ;
----------------
Copyright (C) 1991-2009 Altera Corporation
Your use of Altera Corporation's design tools, logic functions 
and other software and tools, and its AMPP partner logic 
functions, and any output files from any of the foregoing 
(including device programming or simulation files), and any 
associated documentation or information are expressly subject 
to the terms and conditions of the Altera Program License 
Subscription Agreement, Altera MegaCore Function License 
Agreement, or other applicable license agreement, including, 
without limitation, that your use is for the sole purpose of 
programming logic devices manufactured by Altera and sold by 
Altera or its authorized distributors.  Please refer to the 
applicable agreement for further details.



+------------------------------------------------------------------------+
; Analysis & Synthesis Summary                                           ;
+-----------------------------+------------------------------------------+
; Analysis & Synthesis Status ; Successful - Fri Dec 24 17:43:18 2021    ;
; Quartus II Version          ; 9.0 Build 132 02/25/2009 SJ Full Version ;
; Revision Name               ; zidongshouhuoji                          ;
; Top-level Entity Name       ; zidongshouhuoji                          ;
; Family                      ; FLEX10K                                  ;
; Total logic elements        ; 375                                      ;
; Total pins                  ; 60                                       ;
; Total memory bits           ; 0                                        ;
+-----------------------------+------------------------------------------+


+----------------------------------------------------------------------------------------------------+
; Analysis & Synthesis Settings                                                                      ;
+----------------------------------------------------------------+-----------------+-----------------+
; Option                                                         ; Setting         ; Default Value   ;
+----------------------------------------------------------------+-----------------+-----------------+
; Device                                                         ; EPF10K20TC144-3 ;                 ;
; Top-level entity name                                          ; zidongshouhuoji ; zidongshouhuoji ;
; Family name                                                    ; FLEX10K         ; Stratix II      ;
; Use Generated Physical Constraints File                        ; Off             ;                 ;
; Use smart compilation                                          ; Off             ; Off             ;
; Create Debugging Nodes for IP Cores                            ; Off             ; Off             ;
; Preserve fewer node names                                      ; On              ; On              ;
; Disable OpenCore Plus hardware evaluation                      ; Off             ; Off             ;
; Verilog Version                                                ; Verilog_2001    ; Verilog_2001    ;
; VHDL Version                                                   ; VHDL93          ; VHDL93          ;
; State Machine Processing                                       ; Auto            ; Auto            ;
; Safe State Machine                                             ; Off             ; Off             ;
; Extract Verilog State Machines                                 ; On              ; On              ;
; Extract VHDL State Machines                                    ; On              ; On              ;
; Ignore Verilog initial constructs                              ; Off             ; Off             ;
; Iteration limit for constant Verilog loops                     ; 5000            ; 5000            ;
; Iteration limit for non-constant Verilog loops                 ; 250             ; 250             ;
; Add Pass-Through Logic to Inferred RAMs                        ; On              ; On              ;
; Parallel Synthesis                                             ; Off             ; Off             ;
; NOT Gate Push-Back                                             ; On              ; On              ;
; Power-Up Don't Care                                            ; On              ; On              ;
; Remove Redundant Logic Cells                                   ; Off             ; Off             ;
; Remove Duplicate Registers                                     ; On              ; On              ;
; Ignore CARRY Buffers                                           ; Off             ; Off             ;
; Ignore CASCADE Buffers                                         ; Off             ; Off             ;
; Ignore GLOBAL Buffers                                          ; Off             ; Off             ;
; Ignore ROW GLOBAL Buffers                                      ; Off             ; Off             ;
; Ignore LCELL Buffers                                           ; Off             ; Off             ;
; Ignore SOFT Buffers                                            ; On              ; On              ;
; Limit AHDL Integers to 32 Bits                                 ; Off             ; Off             ;
; Auto Implement in ROM                                          ; Off             ; Off             ;
; Optimization Technique                                         ; Area            ; Area            ;
; Carry Chain Length                                             ; 32              ; 32              ;
; Cascade Chain Length                                           ; 2               ; 2               ;
; Auto Carry Chains                                              ; On              ; On              ;
; Auto Open-Drain Pins                                           ; On              ; On              ;
; Auto ROM Replacement                                           ; On              ; On              ;
; Auto RAM Replacement                                           ; On              ; On              ;
; Auto Clock Enable Replacement                                  ; On              ; On              ;
; Strict RAM Replacement                                         ; Off             ; Off             ;
; Auto Resource Sharing                                          ; Off             ; Off             ;
; Allow Any RAM Size For Recognition                             ; Off             ; Off             ;
; Allow Any ROM Size For Recognition                             ; Off             ; Off             ;
; Use LogicLock Constraints during Resource Balancing            ; On              ; On              ;
; Ignore translate_off and synthesis_off directives              ; Off             ; Off             ;
; Show Parameter Settings Tables in Synthesis Report             ; On              ; On              ;
; HDL message level                                              ; Level2          ; Level2          ;
; Suppress Register Optimization Related Messages                ; Off             ; Off             ;
; Number of Removed Registers Reported in Synthesis Report       ; 100             ; 100             ;
; Number of Inverted Registers Reported in Synthesis Report      ; 100             ; 100             ;
; Block Design Naming                                            ; Auto            ; Auto            ;
; Synthesis Effort                                               ; Auto            ; Auto            ;
; Allows Asynchronous Clear Usage For Shift Register Replacement ; On              ; On              ;
; Analysis & Synthesis Message Level                             ; Medium          ; Medium          ;
+----------------------------------------------------------------+-----------------+-----------------+


+------------------------------------------------------------------------------------------------------------------------------------------------------+
; Analysis & Synthesis Source Files Read                                                                                                               ;
+----------------------------------+-----------------+-----------------+-------------------------------------------------------------------------------+
; File Name with User-Entered Path ; Used in Netlist ; File Type       ; File Name with Absolute Path                                                  ;
+----------------------------------+-----------------+-----------------+-------------------------------------------------------------------------------+
; shumaxianshi.vhd                 ; yes             ; User VHDL File  ; C:/Users/Big-peng/Desktop/zidongshouhuoji/zidongshouhuoji/shumaxianshi.vhd    ;
; xuanzeshuma.vhd                  ; yes             ; User VHDL File  ; C:/Users/Big-peng/Desktop/zidongshouhuoji/zidongshouhuoji/xuanzeshuma.vhd     ;
; shumashuzi.vhd                   ; yes             ; User VHDL File  ; C:/Users/Big-peng/Desktop/zidongshouhuoji/zidongshouhuoji/shumashuzi.vhd      ;
; zidongshouhuoji.vhd              ; yes             ; User VHDL File  ; C:/Users/Big-peng/Desktop/zidongshouhuoji/zidongshouhuoji/zidongshouhuoji.vhd ;
; kongzhi1.vhd                     ; yes             ; User VHDL File  ; C:/Users/Big-peng/Desktop/zidongshouhuoji/zidongshouhuoji/kongzhi1.vhd        ;
; kongzhi2.vhd                     ; yes             ; User VHDL File  ; C:/Users/Big-peng/Desktop/zidongshouhuoji/zidongshouhuoji/kongzhi2.vhd        ;
; kongzhi4.vhd                     ; yes             ; User VHDL File  ; C:/Users/Big-peng/Desktop/zidongshouhuoji/zidongshouhuoji/kongzhi4.vhd        ;
; kongzhi5.vhd                     ; yes             ; User VHDL File  ; C:/Users/Big-peng/Desktop/zidongshouhuoji/zidongshouhuoji/kongzhi5.vhd        ;
; kongzhi6.vhd                     ; yes             ; User VHDL File  ; C:/Users/Big-peng/Desktop/zidongshouhuoji/zidongshouhuoji/kongzhi6.vhd        ;
; kongzhi3.vhd                     ; yes             ; User VHDL File  ; C:/Users/Big-peng/Desktop/zidongshouhuoji/zidongshouhuoji/kongzhi3.vhd        ;
; huowushu.vhd                     ; yes             ; User VHDL File  ; C:/Users/Big-peng/Desktop/zidongshouhuoji/zidongshouhuoji/huowushu.vhd        ;
; 60jishu.vhd                      ; yes             ; User VHDL File  ; C:/Users/Big-peng/Desktop/zidongshouhuoji/zidongshouhuoji/60jishu.vhd         ;
; fenshiqi.vhd                     ; yes             ; User VHDL File  ; C:/Users/Big-peng/Desktop/zidongshouhuoji/zidongshouhuoji/fenshiqi.vhd        ;
+----------------------------------+-----------------+-----------------+-------------------------------------------------------------------------------+


+---------------------------------------------+
; Analysis & Synthesis Resource Usage Summary ;
+--------------------------------+------------+
; Resource                       ; Usage      ;
+--------------------------------+------------+
; Total logic elements           ; 375        ;
; Total combinational functions  ; 373        ;
;     -- Total 4-input functions ; 263        ;
;     -- Total 3-input functions ; 57         ;
;     -- Total 2-input functions ; 45         ;
;     -- Total 1-input functions ; 7          ;
;     -- Total 0-input functions ; 1          ;
; Total registers                ; 112        ;
; I/O pins                       ; 60         ;
; Maximum fan-out node           ; clkk       ;
; Maximum fan-out                ; 103        ;
; Total fan-out                  ; 1473       ;
; Average fan-out                ; 3.39       ;
+--------------------------------+------------+


+---------------------------------------------------------------------------------------------------------------------------------------------------------------------------------------------------------------------+
; Analysis & Synthesis Resource Utilization by Entity                                                                                                                                                                 ;
+----------------------------+-------------+--------------+-------------+------+--------------+-------------------+------------------+-----------------+------------+----------------------------------+--------------+
; Compilation Hierarchy Node ; Logic Cells ; LC Registers ; Memory Bits ; Pins ; LUT-Only LCs ; Register-Only LCs ; LUT/Register LCs ; Carry Chain LCs ; Packed LCs ; Full Hierarchy Name              ; Library Name ;
+----------------------------+-------------+--------------+-------------+------+--------------+-------------------+------------------+-----------------+------------+----------------------------------+--------------+
; |zidongshouhuoji           ; 375 (0)     ; 112          ; 0           ; 60   ; 263 (0)      ; 2 (0)             ; 110 (0)          ; 0 (0)           ; 0 (0)      ; |zidongshouhuoji                 ; work         ;
;    |jishu60:u11|           ; 35 (35)     ; 0            ; 0           ; 0    ; 35 (35)      ; 0 (0)             ; 0 (0)            ; 0 (0)           ; 0 (0)      ; |zidongshouhuoji|jishu60:u11     ; work         ;
;    |kongzhi1:u2|           ; 52 (52)     ; 18           ; 0           ; 0    ; 34 (34)      ; 0 (0)             ; 18 (18)          ; 0 (0)           ; 0 (0)      ; |zidongshouhuoji|kongzhi1:u2     ; work         ;
;    |kongzhi2:u3|           ; 50 (50)     ; 17           ; 0           ; 0    ; 33 (33)      ; 0 (0)             ; 17 (17)          ; 0 (0)           ; 0 (0)      ; |zidongshouhuoji|kongzhi2:u3     ; work         ;
;    |kongzhi3:u4|           ; 49 (49)     ; 17           ; 0           ; 0    ; 32 (32)      ; 0 (0)             ; 17 (17)          ; 0 (0)           ; 0 (0)      ; |zidongshouhuoji|kongzhi3:u4     ; work         ;
;    |kongzhi4:u5|           ; 50 (50)     ; 17           ; 0           ; 0    ; 33 (33)      ; 0 (0)             ; 17 (17)          ; 0 (0)           ; 0 (0)      ; |zidongshouhuoji|kongzhi4:u5     ; work         ;
;    |kongzhi5:u6|           ; 50 (50)     ; 17           ; 0           ; 0    ; 33 (33)      ; 0 (0)             ; 17 (17)          ; 0 (0)           ; 0 (0)      ; |zidongshouhuoji|kongzhi5:u6     ; work         ;
;    |kongzhi6:u7|           ; 49 (49)     ; 17           ; 0           ; 0    ; 32 (32)      ; 0 (0)             ; 17 (17)          ; 0 (0)           ; 0 (0)      ; |zidongshouhuoji|kongzhi6:u7     ; work         ;
;    |shumashuzi:u8|         ; 25 (25)     ; 9            ; 0           ; 0    ; 16 (16)      ; 2 (2)             ; 7 (7)            ; 0 (0)           ; 0 (0)      ; |zidongshouhuoji|shumashuzi:u8   ; work         ;
;    |shumaxianshi:u9|       ; 7 (7)       ; 0            ; 0           ; 0    ; 7 (7)        ; 0 (0)             ; 0 (0)            ; 0 (0)           ; 0 (0)      ; |zidongshouhuoji|shumaxianshi:u9 ; work         ;
;    |xuanzeshuma:u10|       ; 8 (8)       ; 0            ; 0           ; 0    ; 8 (8)        ; 0 (0)             ; 0 (0)            ; 0 (0)           ; 0 (0)      ; |zidongshouhuoji|xuanzeshuma:u10 ; work         ;
+----------------------------+-------------+--------------+-------------+------+--------------+-------------------+------------------+-----------------+------------+----------------------------------+--------------+
Note: For table entries with two numbers listed, the numbers in parentheses indicate the number of resources of the given type used by the specific entity alone. The numbers listed outside of parentheses indicate the total resources of the given type used by the specific entity and all of its sub-entities in the hierarchy.


+---------------------------------------------------------------------------------+
; Registers Removed During Synthesis                                              ;
+----------------------------------------+----------------------------------------+
; Register name                          ; Reason for Removal                     ;
+----------------------------------------+----------------------------------------+
; kongzhi1:u2|price1[0..1]               ; Stuck at GND due to stuck port data_in ;
; kongzhi2:u3|price2[0..1]               ; Stuck at GND due to stuck port data_in ;
; kongzhi3:u4|price3[0..1]               ; Stuck at GND due to stuck port data_in ;
; kongzhi4:u5|price4[0..1]               ; Stuck at GND due to stuck port data_in ;
; kongzhi5:u6|price5[0..1]               ; Stuck at GND due to stuck port data_in ;
; kongzhi6:u7|price6[0..1]               ; Stuck at GND due to stuck port data_in ;
; kongzhi6:u7|init                       ; Merged with kongzhi5:u6|init           ;
; kongzhi5:u6|init                       ; Merged with kongzhi4:u5|init           ;
; kongzhi4:u5|init                       ; Merged with kongzhi3:u4|init           ;
; kongzhi3:u4|init                       ; Merged with kongzhi2:u3|init           ;
; kongzhi2:u3|init                       ; Merged with kongzhi1:u2|init           ;
; shumashuzi:u8|temp[0]                  ; Merged with shumashuzi:u8|sel[0]       ;
; kongzhi1:u2|j11[3]                     ; Merged with kongzhi1:u2|j1111[3]       ;
; kongzhi1:u2|j11[0]                     ; Merged with kongzhi1:u2|j1111[0]       ;
; kongzhi1:u2|j11[1]                     ; Merged with kongzhi1:u2|j1111[1]       ;
; kongzhi1:u2|j11[2]                     ; Merged with kongzhi1:u2|j1111[2]       ;
; kongzhi1:u2|j1[0]                      ; Merged with kongzhi1:u2|j111[0]        ;
; kongzhi1:u2|j1[3]                      ; Merged with kongzhi1:u2|j111[3]        ;
; kongzhi1:u2|j1[2]                      ; Merged with kongzhi1:u2|j111[2]        ;
; kongzhi1:u2|j1[1]                      ; Merged with kongzhi1:u2|j111[1]        ;
; kongzhi1:u2|num1[0]                    ; Merged with kongzhi1:u2|count[0]       ;
; kongzhi1:u2|num1[1]                    ; Merged with kongzhi1:u2|count[1]       ;
; kongzhi1:u2|num1[2]                    ; Merged with kongzhi1:u2|count[2]       ;
; kongzhi1:u2|num1[3]                    ; Merged with kongzhi1:u2|count[3]       ;
; kongzhi2:u3|j22[3]                     ; Merged with kongzhi2:u3|j2222[3]       ;
; kongzhi2:u3|j22[0]                     ; Merged with kongzhi2:u3|j2222[0]       ;
; kongzhi2:u3|j22[1]                     ; Merged with kongzhi2:u3|j2222[1]       ;
; kongzhi2:u3|j22[2]                     ; Merged with kongzhi2:u3|j2222[2]       ;
; kongzhi2:u3|j2[0]                      ; Merged with kongzhi2:u3|j222[0]        ;
; kongzhi2:u3|j2[3]                      ; Merged with kongzhi2:u3|j222[3]        ;
; kongzhi2:u3|j2[2]                      ; Merged with kongzhi2:u3|j222[2]        ;
; kongzhi2:u3|j2[1]                      ; Merged with kongzhi2:u3|j222[1]        ;
; kongzhi2:u3|num2[0]                    ; Merged with kongzhi2:u3|count[0]       ;
; kongzhi2:u3|num2[1]                    ; Merged with kongzhi2:u3|count[1]       ;
; kongzhi2:u3|num2[2]                    ; Merged with kongzhi2:u3|count[2]       ;
; kongzhi2:u3|num2[3]                    ; Merged with kongzhi2:u3|count[3]       ;
; kongzhi3:u4|j33[3]                     ; Merged with kongzhi3:u4|j3333[3]       ;
; kongzhi3:u4|j33[0]                     ; Merged with kongzhi3:u4|j3333[0]       ;
; kongzhi3:u4|j33[1]                     ; Merged with kongzhi3:u4|j3333[1]       ;
; kongzhi3:u4|j33[2]                     ; Merged with kongzhi3:u4|j3333[2]       ;
; kongzhi3:u4|j3[0]                      ; Merged with kongzhi3:u4|j333[0]        ;
; kongzhi3:u4|j3[3]                      ; Merged with kongzhi3:u4|j333[3]        ;
; kongzhi3:u4|j3[2]                      ; Merged with kongzhi3:u4|j333[2]        ;
; kongzhi3:u4|j3[1]                      ; Merged with kongzhi3:u4|j333[1]        ;
; kongzhi3:u4|num3[0]                    ; Merged with kongzhi3:u4|count[0]       ;
; kongzhi3:u4|num3[1]                    ; Merged with kongzhi3:u4|count[1]       ;
; kongzhi3:u4|num3[2]                    ; Merged with kongzhi3:u4|count[2]       ;
; kongzhi3:u4|num3[3]                    ; Merged with kongzhi3:u4|count[3]       ;
; kongzhi4:u5|j44[3]                     ; Merged with kongzhi4:u5|j4444[3]       ;
; kongzhi4:u5|j44[0]                     ; Merged with kongzhi4:u5|j4444[0]       ;
; kongzhi4:u5|j44[1]                     ; Merged with kongzhi4:u5|j4444[1]       ;
; kongzhi4:u5|j44[2]                     ; Merged with kongzhi4:u5|j4444[2]       ;
; kongzhi4:u5|j4[0]                      ; Merged with kongzhi4:u5|j444[0]        ;
; kongzhi4:u5|j4[3]                      ; Merged with kongzhi4:u5|j444[3]        ;
; kongzhi4:u5|j4[2]                      ; Merged with kongzhi4:u5|j444[2]        ;
; kongzhi4:u5|j4[1]                      ; Merged with kongzhi4:u5|j444[1]        ;
; kongzhi4:u5|num4[0]                    ; Merged with kongzhi4:u5|count[0]       ;
; kongzhi4:u5|num4[1]                    ; Merged with kongzhi4:u5|count[1]       ;
; kongzhi4:u5|num4[2]                    ; Merged with kongzhi4:u5|count[2]       ;
; kongzhi4:u5|num4[3]                    ; Merged with kongzhi4:u5|count[3]       ;
; kongzhi5:u6|j55[3]                     ; Merged with kongzhi5:u6|j5555[3]       ;
; kongzhi5:u6|j55[0]                     ; Merged with kongzhi5:u6|j5555[0]       ;
; kongzhi5:u6|j55[1]                     ; Merged with kongzhi5:u6|j5555[1]       ;
; kongzhi5:u6|j55[2]                     ; Merged with kongzhi5:u6|j5555[2]       ;
; kongzhi5:u6|j5[0]                      ; Merged with kongzhi5:u6|j555[0]        ;
; kongzhi5:u6|j5[3]                      ; Merged with kongzhi5:u6|j555[3]        ;
; kongzhi5:u6|j5[2]                      ; Merged with kongzhi5:u6|j555[2]        ;
; kongzhi5:u6|j5[1]                      ; Merged with kongzhi5:u6|j555[1]        ;
; kongzhi5:u6|num5[0]                    ; Merged with kongzhi5:u6|count[0]       ;
; kongzhi5:u6|num5[1]                    ; Merged with kongzhi5:u6|count[1]       ;
; kongzhi5:u6|num5[2]                    ; Merged with kongzhi5:u6|count[2]       ;
; kongzhi5:u6|num5[3]                    ; Merged with kongzhi5:u6|count[3]       ;
; kongzhi6:u7|j66[3]                     ; Merged with kongzhi6:u7|j6666[3]       ;
; kongzhi6:u7|j66[0]                     ; Merged with kongzhi6:u7|j6666[0]       ;
; kongzhi6:u7|j66[1]                     ; Merged with kongzhi6:u7|j6666[1]       ;
; kongzhi6:u7|j66[2]                     ; Merged with kongzhi6:u7|j6666[2]       ;
; kongzhi6:u7|j6[0]                      ; Merged with kongzhi6:u7|j666[0]        ;
; kongzhi6:u7|j6[3]                      ; Merged with kongzhi6:u7|j666[3]        ;
; kongzhi6:u7|j6[2]                      ; Merged with kongzhi6:u7|j666[2]        ;
; kongzhi6:u7|j6[1]                      ; Merged with kongzhi6:u7|j666[1]        ;
; kongzhi6:u7|num6[0]                    ; Merged with kongzhi6:u7|count[0]       ;
; kongzhi6:u7|num6[1]                    ; Merged with kongzhi6:u7|count[1]       ;
; kongzhi6:u7|num6[2]                    ; Merged with kongzhi6:u7|count[2]       ;
; kongzhi6:u7|num6[3]                    ; Merged with kongzhi6:u7|count[3]       ;
; Total Number of Removed Registers = 90 ;                                        ;
+----------------------------------------+----------------------------------------+


+------------------------------------------------------+
; General Register Statistics                          ;
+----------------------------------------------+-------+
; Statistic                                    ; Value ;
+----------------------------------------------+-------+
; Total registers                              ; 112   ;
; Number of registers using Synchronous Clear  ; 0     ;
; Number of registers using Synchronous Load   ; 0     ;
; Number of registers using Asynchronous Clear ; 0     ;
; Number of registers using Asynchronous Load  ; 0     ;
; Number of registers using Clock Enable       ; 0     ;
; Number of registers using Preset             ; 0     ;
+----------------------------------------------+-------+


+--------------------------------------------------+
; Inverted Register Statistics                     ;
+----------------------------------------+---------+
; Inverted Register                      ; Fan out ;
+----------------------------------------+---------+
; shumashuzi:u8|sel[0]                   ; 22      ;
; Total number of inverted registers = 1 ;         ;
+----------------------------------------+---------+


+-------------------------------+
; Analysis & Synthesis Messages ;
+-------------------------------+
Info: *******************************************************************
Info: Running Quartus II Analysis & Synthesis
    Info: Version 9.0 Build 132 02/25/2009 SJ Full Version
    Info: Processing started: Fri Dec 24 17:43:15 2021
Info: Command: quartus_map --read_settings_files=on --write_settings_files=off zidongshouhuoji -c zidongshouhuoji
Info: Found 2 design units, including 1 entities, in source file shumaxianshi.vhd
    Info: Found design unit 1: shumaxianshi-a
    Info: Found entity 1: shumaxianshi
Info: Found 2 design units, including 1 entities, in source file xuanzeshuma.vhd
    Info: Found design unit 1: xuanzeshuma-one
    Info: Found entity 1: xuanzeshuma
Info: Found 2 design units, including 1 entities, in source file shumashuzi.vhd
    Info: Found design unit 1: shumashuzi-a
    Info: Found entity 1: shumashuzi
Info: Found 2 design units, including 1 entities, in source file zidongshouhuoji.vhd
    Info: Found design unit 1: zidongshouhuoji-zd
    Info: Found entity 1: zidongshouhuoji
Info: Found 2 design units, including 1 entities, in source file kongzhi1.vhd
    Info: Found design unit 1: kongzhi1-a
    Info: Found entity 1: kongzhi1
Info: Found 2 design units, including 1 entities, in source file kongzhi2.vhd
    Info: Found design unit 1: kongzhi2-a
    Info: Found entity 1: kongzhi2
Info: Found 2 design units, including 1 entities, in source file kongzhi4.vhd
    Info: Found design unit 1: kongzhi4-a
    Info: Found entity 1: kongzhi4
Info: Found 2 design units, including 1 entities, in source file kongzhi5.vhd
    Info: Found design unit 1: kongzhi5-a
    Info: Found entity 1: kongzhi5
Info: Found 2 design units, including 1 entities, in source file kongzhi6.vhd
    Info: Found design unit 1: kongzhi6-a
    Info: Found entity 1: kongzhi6
Info: Found 2 design units, including 1 entities, in source file kongzhi3.vhd
    Info: Found design unit 1: kongzhi3-a
    Info: Found entity 1: kongzhi3
Info: Found 2 design units, including 1 entities, in source file huowushu.vhd
    Info: Found design unit 1: huowushu-hw
    Info: Found entity 1: huowushu
Info: Found 2 design units, including 1 entities, in source file 60jishu.vhd
    Info: Found design unit 1: jishu60-js
    Info: Found entity 1: jishu60
Info: Found 2 design units, including 1 entities, in source file fenshiqi.vhd
    Info: Found design unit 1: fenshiqi-a
    Info: Found entity 1: fenshiqi
Info: Elaborating entity "zidongshouhuoji" for the top level hierarchy
Info: Elaborating entity "huowushu" for hierarchy "huowushu:u1"
Info: Elaborating entity "kongzhi1" for hierarchy "kongzhi1:u2"
Info: Elaborating entity "kongzhi2" for hierarchy "kongzhi2:u3"
Info: Elaborating entity "kongzhi3" for hierarchy "kongzhi3:u4"
Info: Elaborating entity "kongzhi4" for hierarchy "kongzhi4:u5"
Info: Elaborating entity "kongzhi5" for hierarchy "kongzhi5:u6"
Info: Elaborating entity "kongzhi6" for hierarchy "kongzhi6:u7"
Info: Elaborating entity "shumashuzi" for hierarchy "shumashuzi:u8"
Info: Elaborating entity "shumaxianshi" for hierarchy "shumaxianshi:u9"
Info: Elaborating entity "xuanzeshuma" for hierarchy "xuanzeshuma:u10"
Info: Elaborating entity "jishu60" for hierarchy "jishu60:u11"
Info: Elaborating entity "fenshiqi" for hierarchy "fenshiqi:u12"
Warning: Output pins are stuck at VCC or GND
    Warning (13410): Pin "price1[0]" is stuck at GND
    Warning (13410): Pin "price1[1]" is stuck at GND
    Warning (13410): Pin "price2[0]" is stuck at GND
    Warning (13410): Pin "price2[1]" is stuck at GND
    Warning (13410): Pin "price3[0]" is stuck at GND
    Warning (13410): Pin "price3[1]" is stuck at GND
    Warning (13410): Pin "price4[0]" is stuck at GND
    Warning (13410): Pin "price4[1]" is stuck at GND
    Warning (13410): Pin "price5[0]" is stuck at GND
    Warning (13410): Pin "price5[1]" is stuck at GND
    Warning (13410): Pin "price6[0]" is stuck at GND
    Warning (13410): Pin "price6[1]" is stuck at GND
    Warning (13410): Pin "smg[7]" is stuck at GND
Info: Implemented 435 device resources after synthesis - the final resource count might be different
    Info: Implemented 14 input pins
    Info: Implemented 46 output pins
    Info: Implemented 375 logic cells
Info: Quartus II Analysis & Synthesis was successful. 0 errors, 14 warnings
    Info: Peak virtual memory: 247 megabytes
    Info: Processing ended: Fri Dec 24 17:43:18 2021
    Info: Elapsed time: 00:00:03
    Info: Total CPU time (on all processors): 00:00:02


