Analysis & Synthesis report for zidongshouhuoji
Sat Dec 25 17:23:16 2021
Quartus II Version 9.0 Build 132 02/25/2009 SJ Full Version


---------------------
; Table of Contents ;
---------------------
  1. Legal Notice
  2. Analysis & Synthesis Summary
  3. Analysis & Synthesis Settings
  4. Analysis & Synthesis Source Files Read
  5. Analysis & Synthesis Resource Usage Summary
  6. Analysis & Synthesis Resource Utilization by Entity
  7. User-Specified and Inferred Latches
  8. Registers Removed During Synthesis
  9. Removed Registers Triggering Further Register Optimizations
 10. General Register Statistics
 11. Inverted Register Statistics
 12. Source assignments for clkdiv:u2|lpm_add_sub:Add0|addcore:adder
 13. Parameter Settings for Inferred Entity Instance: clkdiv:u2|lpm_add_sub:Add0
 14. Analysis & Synthesis Messages



----------------
; Legal Notice ;
----------------
Copyright (C) 1991-2009 Altera Corporation
Your use of Altera Corporation's design tools, logic functions 
and other software and tools, and its AMPP partner logic 
functions, and any output files from any of the foregoing 
(including device programming or simulation files), and any 
associated documentation or information are expressly subject 
to the terms and conditions of the Altera Program License 
Subscription Agreement, Altera MegaCore Function License 
Agreement, or other applicable license agreement, including, 
without limitation, that your use is for the sole purpose of 
programming logic devices manufactured by Altera and sold by 
Altera or its authorized distributors.  Please refer to the 
applicable agreement for further details.



+------------------------------------------------------------------------+
; Analysis & Synthesis Summary                                           ;
+-----------------------------+------------------------------------------+
; Analysis & Synthesis Status ; Successful - Sat Dec 25 17:23:16 2021    ;
; Quartus II Version          ; 9.0 Build 132 02/25/2009 SJ Full Version ;
; Revision Name               ; zidongshouhuoji                          ;
; Top-level Entity Name       ; zidongshouhuoji                          ;
; Family                      ; FLEX10K                                  ;
; Total logic elements        ; 227                                      ;
; Total pins                  ; 38                                       ;
; Total memory bits           ; 0                                        ;
+-----------------------------+------------------------------------------+


+----------------------------------------------------------------------------------------------------+
; Analysis & Synthesis Settings                                                                      ;
+----------------------------------------------------------------+-----------------+-----------------+
; Option                                                         ; Setting         ; Default Value   ;
+----------------------------------------------------------------+-----------------+-----------------+
; Device                                                         ; EPF10K20TC144-4 ;                 ;
; Top-level entity name                                          ; zidongshouhuoji ; zidongshouhuoji ;
; Family name                                                    ; FLEX10K         ; Stratix II      ;
; Use Generated Physical Constraints File                        ; Off             ;                 ;
; Use smart compilation                                          ; Off             ; Off             ;
; Create Debugging Nodes for IP Cores                            ; Off             ; Off             ;
; Preserve fewer node names                                      ; On              ; On              ;
; Disable OpenCore Plus hardware evaluation                      ; Off             ; Off             ;
; Verilog Version                                                ; Verilog_2001    ; Verilog_2001    ;
; VHDL Version                                                   ; VHDL93          ; VHDL93          ;
; State Machine Processing                                       ; Auto            ; Auto            ;
; Safe State Machine                                             ; Off             ; Off             ;
; Extract Verilog State Machines                                 ; On              ; On              ;
; Extract VHDL State Machines                                    ; On              ; On              ;
; Ignore Verilog initial constructs                              ; Off             ; Off             ;
; Iteration limit for constant Verilog loops                     ; 5000            ; 5000            ;
; Iteration limit for non-constant Verilog loops                 ; 250             ; 250             ;
; Add Pass-Through Logic to Inferred RAMs                        ; On              ; On              ;
; Parallel Synthesis                                             ; Off             ; Off             ;
; NOT Gate Push-Back                                             ; On              ; On              ;
; Power-Up Don't Care                                            ; On              ; On              ;
; Remove Redundant Logic Cells                                   ; Off             ; Off             ;
; Remove Duplicate Registers                                     ; On              ; On              ;
; Ignore CARRY Buffers                                           ; Off             ; Off             ;
; Ignore CASCADE Buffers                                         ; Off             ; Off             ;
; Ignore GLOBAL Buffers                                          ; Off             ; Off             ;
; Ignore ROW GLOBAL Buffers                                      ; Off             ; Off             ;
; Ignore LCELL Buffers                                           ; Off             ; Off             ;
; Ignore SOFT Buffers                                            ; On              ; On              ;
; Limit AHDL Integers to 32 Bits                                 ; Off             ; Off             ;
; Auto Implement in ROM                                          ; Off             ; Off             ;
; Optimization Technique                                         ; Area            ; Area            ;
; Carry Chain Length                                             ; 32              ; 32              ;
; Cascade Chain Length                                           ; 2               ; 2               ;
; Auto Carry Chains                                              ; On              ; On              ;
; Auto Open-Drain Pins                                           ; On              ; On              ;
; Auto ROM Replacement                                           ; On              ; On              ;
; Auto RAM Replacement                                           ; On              ; On              ;
; Auto Clock Enable Replacement                                  ; On              ; On              ;
; Strict RAM Replacement                                         ; Off             ; Off             ;
; Auto Resource Sharing                                          ; Off             ; Off             ;
; Allow Any RAM Size For Recognition                             ; Off             ; Off             ;
; Allow Any ROM Size For Recognition                             ; Off             ; Off             ;
; Use LogicLock Constraints during Resource Balancing            ; On              ; On              ;
; Ignore translate_off and synthesis_off directives              ; Off             ; Off             ;
; Show Parameter Settings Tables in Synthesis Report             ; On              ; On              ;
; HDL message level                                              ; Level2          ; Level2          ;
; Suppress Register Optimization Related Messages                ; Off             ; Off             ;
; Number of Removed Registers Reported in Synthesis Report       ; 100             ; 100             ;
; Number of Inverted Registers Reported in Synthesis Report      ; 100             ; 100             ;
; Block Design Naming                                            ; Auto            ; Auto            ;
; Synthesis Effort                                               ; Auto            ; Auto            ;
; Allows Asynchronous Clear Usage For Shift Register Replacement ; On              ; On              ;
; Analysis & Synthesis Message Level                             ; Medium          ; Medium          ;
+----------------------------------------------------------------+-----------------+-----------------+


+---------------------------------------------------------------------------------------------------------------------------------------------+
; Analysis & Synthesis Source Files Read                                                                                                      ;
+----------------------------------+-----------------+-----------------+----------------------------------------------------------------------+
; File Name with User-Entered Path ; Used in Netlist ; File Type       ; File Name with Absolute Path                                         ;
+----------------------------------+-----------------+-----------------+----------------------------------------------------------------------+
; init.vhd                         ; yes             ; User VHDL File  ; C:/Users/Big-peng/Desktop/eda/zidongshoumaiji/init.vhd               ;
; zidongshouhuoji.vhd              ; yes             ; User VHDL File  ; C:/Users/Big-peng/Desktop/eda/zidongshoumaiji/zidongshouhuoji.vhd    ;
; clkdiv.vhd                       ; yes             ; User VHDL File  ; C:/Users/Big-peng/Desktop/eda/zidongshoumaiji/clkdiv.vhd             ;
; showsmg.vhd                      ; yes             ; User VHDL File  ; C:/Users/Big-peng/Desktop/eda/zidongshoumaiji/showsmg.vhd            ;
; goods.vhd                        ; yes             ; User VHDL File  ; C:/Users/Big-peng/Desktop/eda/zidongshoumaiji/goods.vhd              ;
; xuanze.vhd                       ; yes             ; User VHDL File  ; C:/Users/Big-peng/Desktop/eda/zidongshoumaiji/xuanze.vhd             ;
; lpm_add_sub.tdf                  ; yes             ; Megafunction    ; c:/altera/90/quartus/libraries/megafunctions/lpm_add_sub.tdf         ;
; addcore.inc                      ; yes             ; Megafunction    ; c:/altera/90/quartus/libraries/megafunctions/addcore.inc             ;
; look_add.inc                     ; yes             ; Megafunction    ; c:/altera/90/quartus/libraries/megafunctions/look_add.inc            ;
; bypassff.inc                     ; yes             ; Megafunction    ; c:/altera/90/quartus/libraries/megafunctions/bypassff.inc            ;
; altshift.inc                     ; yes             ; Megafunction    ; c:/altera/90/quartus/libraries/megafunctions/altshift.inc            ;
; alt_stratix_add_sub.inc          ; yes             ; Megafunction    ; c:/altera/90/quartus/libraries/megafunctions/alt_stratix_add_sub.inc ;
; alt_mercury_add_sub.inc          ; yes             ; Megafunction    ; c:/altera/90/quartus/libraries/megafunctions/alt_mercury_add_sub.inc ;
; aglobal90.inc                    ; yes             ; Megafunction    ; c:/altera/90/quartus/libraries/megafunctions/aglobal90.inc           ;
; addcore.tdf                      ; yes             ; Megafunction    ; c:/altera/90/quartus/libraries/megafunctions/addcore.tdf             ;
; a_csnbuffer.inc                  ; yes             ; Megafunction    ; c:/altera/90/quartus/libraries/megafunctions/a_csnbuffer.inc         ;
; a_csnbuffer.tdf                  ; yes             ; Megafunction    ; c:/altera/90/quartus/libraries/megafunctions/a_csnbuffer.tdf         ;
; altshift.tdf                     ; yes             ; Megafunction    ; c:/altera/90/quartus/libraries/megafunctions/altshift.tdf            ;
+----------------------------------+-----------------+-----------------+----------------------------------------------------------------------+


+---------------------------------------------+
; Analysis & Synthesis Resource Usage Summary ;
+-----------------------------------+---------+
; Resource                          ; Usage   ;
+-----------------------------------+---------+
; Total logic elements              ; 227     ;
; Total combinational functions     ; 178     ;
;     -- Total 4-input functions    ; 102     ;
;     -- Total 3-input functions    ; 36      ;
;     -- Total 2-input functions    ; 30      ;
;     -- Total 1-input functions    ; 8       ;
;     -- Total 0-input functions    ; 2       ;
; Total registers                   ; 117     ;
; Total logic cells in carry chains ; 7       ;
; I/O pins                          ; 38      ;
; Maximum fan-out node              ; clkk    ;
; Maximum fan-out                   ; 100     ;
; Total fan-out                     ; 793     ;
; Average fan-out                   ; 2.99    ;
+-----------------------------------+---------+


+---------------------------------------------------------------------------------------------------------------------------------------------------------------------------------------------------------------------------------------------------------------------------------+
; Analysis & Synthesis Resource Utilization by Entity                                                                                                                                                                                                                             ;
+---------------------------------------+-------------+--------------+-------------+------+--------------+-------------------+------------------+-----------------+------------+-----------------------------------------------------------------------------------+--------------+
; Compilation Hierarchy Node            ; Logic Cells ; LC Registers ; Memory Bits ; Pins ; LUT-Only LCs ; Register-Only LCs ; LUT/Register LCs ; Carry Chain LCs ; Packed LCs ; Full Hierarchy Name                                                               ; Library Name ;
+---------------------------------------+-------------+--------------+-------------+------+--------------+-------------------+------------------+-----------------+------------+-----------------------------------------------------------------------------------+--------------+
; |zidongshouhuoji                      ; 227 (0)     ; 117          ; 0           ; 38   ; 110 (0)      ; 49 (0)            ; 68 (0)           ; 7 (0)           ; 0 (0)      ; |zidongshouhuoji                                                                  ; work         ;
;    |clkdiv:u2|                        ; 44 (38)     ; 17           ; 0           ; 0    ; 27 (21)      ; 5 (5)             ; 12 (12)          ; 7 (1)           ; 0 (0)      ; |zidongshouhuoji|clkdiv:u2                                                        ; work         ;
;       |lpm_add_sub:Add0|              ; 6 (0)       ; 0            ; 0           ; 0    ; 6 (0)        ; 0 (0)             ; 0 (0)            ; 6 (0)           ; 0 (0)      ; |zidongshouhuoji|clkdiv:u2|lpm_add_sub:Add0                                       ; work         ;
;          |addcore:adder|              ; 6 (1)       ; 0            ; 0           ; 0    ; 6 (1)        ; 0 (0)             ; 0 (0)            ; 6 (1)           ; 0 (0)      ; |zidongshouhuoji|clkdiv:u2|lpm_add_sub:Add0|addcore:adder                         ; work         ;
;             |a_csnbuffer:result_node| ; 5 (5)       ; 0            ; 0           ; 0    ; 5 (5)        ; 0 (0)             ; 0 (0)            ; 5 (5)           ; 0 (0)      ; |zidongshouhuoji|clkdiv:u2|lpm_add_sub:Add0|addcore:adder|a_csnbuffer:result_node ; work         ;
;    |goods:g1|                         ; 22 (22)     ; 15           ; 0           ; 0    ; 7 (7)        ; 7 (7)             ; 8 (8)            ; 0 (0)           ; 0 (0)      ; |zidongshouhuoji|goods:g1                                                         ; work         ;
;    |goods:g2|                         ; 22 (22)     ; 15           ; 0           ; 0    ; 7 (7)        ; 7 (7)             ; 8 (8)            ; 0 (0)           ; 0 (0)      ; |zidongshouhuoji|goods:g2                                                         ; work         ;
;    |goods:g3|                         ; 22 (22)     ; 15           ; 0           ; 0    ; 7 (7)        ; 7 (7)             ; 8 (8)            ; 0 (0)           ; 0 (0)      ; |zidongshouhuoji|goods:g3                                                         ; work         ;
;    |goods:g4|                         ; 22 (22)     ; 15           ; 0           ; 0    ; 7 (7)        ; 7 (7)             ; 8 (8)            ; 0 (0)           ; 0 (0)      ; |zidongshouhuoji|goods:g4                                                         ; work         ;
;    |goods:g5|                         ; 22 (22)     ; 15           ; 0           ; 0    ; 7 (7)        ; 7 (7)             ; 8 (8)            ; 0 (0)           ; 0 (0)      ; |zidongshouhuoji|goods:g5                                                         ; work         ;
;    |goods:g6|                         ; 25 (25)     ; 16           ; 0           ; 0    ; 9 (9)        ; 7 (7)             ; 9 (9)            ; 0 (0)           ; 0 (0)      ; |zidongshouhuoji|goods:g6                                                         ; work         ;
;    |showsmg:u|                        ; 40 (40)     ; 9            ; 0           ; 0    ; 31 (31)      ; 2 (2)             ; 7 (7)            ; 0 (0)           ; 0 (0)      ; |zidongshouhuoji|showsmg:u                                                        ; work         ;
;    |xuanze:u3|                        ; 8 (8)       ; 0            ; 0           ; 0    ; 8 (8)        ; 0 (0)             ; 0 (0)            ; 0 (0)           ; 0 (0)      ; |zidongshouhuoji|xuanze:u3                                                        ; work         ;
+---------------------------------------+-------------+--------------+-------------+------+--------------+-------------------+------------------+-----------------+------------+-----------------------------------------------------------------------------------+--------------+
Note: For table entries with two numbers listed, the numbers in parentheses indicate the number of resources of the given type used by the specific entity alone. The numbers listed outside of parentheses indicate the total resources of the given type used by the specific entity and all of its sub-entities in the hierarchy.


+---------------------------------------------------------------------------------------------------+
; User-Specified and Inferred Latches                                                               ;
+----------------------------------------------------+---------------------+------------------------+
; Latch Name                                         ; Latch Enable Signal ; Free of Timing Hazards ;
+----------------------------------------------------+---------------------+------------------------+
; clkdiv:u2|chuhuo0                                  ; clkdiv:u2|chuhuo0~0 ; yes                    ;
; clkdiv:u2|pcount[0]                                ; clkdiv:u2|chuhuo0~4 ; yes                    ;
; clkdiv:u2|pcount[1]                                ; clkdiv:u2|chuhuo0~4 ; yes                    ;
; Number of user-specified and inferred latches = 3  ;                     ;                        ;
+----------------------------------------------------+---------------------+------------------------+
Note: All latches listed above may not be present at the end of synthesis due to various synthesis optimizations.


+---------------------------------------------------------------------------------+
; Registers Removed During Synthesis                                              ;
+----------------------------------------+----------------------------------------+
; Register name                          ; Reason for Removal                     ;
+----------------------------------------+----------------------------------------+
; goods:g6|price0[0,3]                   ; Stuck at GND due to stuck port data_in ;
; goods:g5|price0[1,3]                   ; Stuck at GND due to stuck port data_in ;
; goods:g4|price0[0..1,3]                ; Stuck at GND due to stuck port data_in ;
; goods:g3|price0[2..3]                  ; Stuck at GND due to stuck port data_in ;
; goods:g2|price0[0,2..3]                ; Stuck at GND due to stuck port data_in ;
; goods:g1|price0[1..3]                  ; Stuck at GND due to stuck port data_in ;
; goods:g6|priceout[0,3]                 ; Stuck at GND due to stuck port data_in ;
; goods:g5|priceout[1,3]                 ; Stuck at GND due to stuck port data_in ;
; goods:g4|priceout[0..1,3]              ; Stuck at GND due to stuck port data_in ;
; goods:g3|priceout[2..3]                ; Stuck at GND due to stuck port data_in ;
; goods:g2|priceout[0,2..3]              ; Stuck at GND due to stuck port data_in ;
; goods:g1|priceout[1..3]                ; Stuck at GND due to stuck port data_in ;
; goods:g1|init                          ; Merged with goods:g2|init              ;
; goods:g2|init                          ; Merged with goods:g3|init              ;
; goods:g3|init                          ; Merged with goods:g4|init              ;
; goods:g4|init                          ; Merged with goods:g5|init              ;
; goods:g5|init                          ; Merged with goods:g6|init              ;
; showsmg:u|temp[0]                      ; Merged with showsmg:u|sel[0]           ;
; goods:g3|price0[1]                     ; Merged with goods:g3|price0[0]         ;
; goods:g5|price0[2]                     ; Merged with goods:g5|price0[0]         ;
; goods:g6|price0[2]                     ; Merged with goods:g6|price0[1]         ;
; goods:g3|priceout[1]                   ; Merged with goods:g3|priceout[0]       ;
; goods:g5|priceout[2]                   ; Merged with goods:g5|priceout[0]       ;
; goods:g6|priceout[2]                   ; Merged with goods:g6|priceout[1]       ;
; Total Number of Removed Registers = 42 ;                                        ;
+----------------------------------------+----------------------------------------+


+-----------------------------------------------------------------------------------------+
; Removed Registers Triggering Further Register Optimizations                             ;
+--------------------+---------------------------+----------------------------------------+
; Register name      ; Reason for Removal        ; Registers Removed due to This Register ;
+--------------------+---------------------------+----------------------------------------+
; goods:g6|price0[0] ; Stuck at GND              ; goods:g6|priceout[0]                   ;
;                    ; due to stuck port data_in ;                                        ;
; goods:g6|price0[3] ; Stuck at GND              ; goods:g6|priceout[3]                   ;
;                    ; due to stuck port data_in ;                                        ;
; goods:g5|price0[1] ; Stuck at GND              ; goods:g5|priceout[1]                   ;
;                    ; due to stuck port data_in ;                                        ;
; goods:g5|price0[3] ; Stuck at GND              ; goods:g5|priceout[3]                   ;
;                    ; due to stuck port data_in ;                                        ;
; goods:g4|price0[0] ; Stuck at GND              ; goods:g4|priceout[0]                   ;
;                    ; due to stuck port data_in ;                                        ;
; goods:g4|price0[1] ; Stuck at GND              ; goods:g4|priceout[1]                   ;
;                    ; due to stuck port data_in ;                                        ;
; goods:g4|price0[3] ; Stuck at GND              ; goods:g4|priceout[3]                   ;
;                    ; due to stuck port data_in ;                                        ;
; goods:g3|price0[2] ; Stuck at GND              ; goods:g3|priceout[2]                   ;
;                    ; due to stuck port data_in ;                                        ;
; goods:g3|price0[3] ; Stuck at GND              ; goods:g3|priceout[3]                   ;
;                    ; due to stuck port data_in ;                                        ;
; goods:g2|price0[0] ; Stuck at GND              ; goods:g2|priceout[0]                   ;
;                    ; due to stuck port data_in ;                                        ;
; goods:g2|price0[2] ; Stuck at GND              ; goods:g2|priceout[2]                   ;
;                    ; due to stuck port data_in ;                                        ;
; goods:g2|price0[3] ; Stuck at GND              ; goods:g2|priceout[3]                   ;
;                    ; due to stuck port data_in ;                                        ;
; goods:g1|price0[1] ; Stuck at GND              ; goods:g1|priceout[1]                   ;
;                    ; due to stuck port data_in ;                                        ;
; goods:g1|price0[2] ; Stuck at GND              ; goods:g1|priceout[2]                   ;
;                    ; due to stuck port data_in ;                                        ;
; goods:g1|price0[3] ; Stuck at GND              ; goods:g1|priceout[3]                   ;
;                    ; due to stuck port data_in ;                                        ;
+--------------------+---------------------------+----------------------------------------+


+------------------------------------------------------+
; General Register Statistics                          ;
+----------------------------------------------+-------+
; Statistic                                    ; Value ;
+----------------------------------------------+-------+
; Total registers                              ; 117   ;
; Number of registers using Synchronous Clear  ; 0     ;
; Number of registers using Synchronous Load   ; 0     ;
; Number of registers using Asynchronous Clear ; 7     ;
; Number of registers using Asynchronous Load  ; 2     ;
; Number of registers using Clock Enable       ; 1     ;
; Number of registers using Preset             ; 0     ;
+----------------------------------------------+-------+


+--------------------------------------------------+
; Inverted Register Statistics                     ;
+----------------------------------------+---------+
; Inverted Register                      ; Fan out ;
+----------------------------------------+---------+
; showsmg:u|sel[0]                       ; 22      ;
; clkdiv:u2|gewei1[0]                    ; 7       ;
; clkdiv:u2|gewei1[1]                    ; 6       ;
; clkdiv:u2|shiwei1[1]                   ; 6       ;
; clkdiv:u2|gewei1[2]                    ; 5       ;
; clkdiv:u2|shiwei1[2]                   ; 5       ;
; clkdiv:u2|gewei1[3]                    ; 4       ;
; Total number of inverted registers = 7 ;         ;
+----------------------------------------+---------+


+-----------------------------------------------------------------+
; Source assignments for clkdiv:u2|lpm_add_sub:Add0|addcore:adder ;
+---------------------------+-------+------+----------------------+
; Assignment                ; Value ; From ; To                   ;
+---------------------------+-------+------+----------------------+
; SUPPRESS_DA_RULE_INTERNAL ; A103  ; -    ; -                    ;
+---------------------------+-------+------+----------------------+


+-----------------------------------------------------------------------------+
; Parameter Settings for Inferred Entity Instance: clkdiv:u2|lpm_add_sub:Add0 ;
+------------------------+-------------+--------------------------------------+
; Parameter Name         ; Value       ; Type                                 ;
+------------------------+-------------+--------------------------------------+
; LPM_WIDTH              ; 7           ; Untyped                              ;
; LPM_REPRESENTATION     ; UNSIGNED    ; Untyped                              ;
; LPM_DIRECTION          ; ADD         ; Untyped                              ;
; ONE_INPUT_IS_CONSTANT  ; YES         ; Untyped                              ;
; LPM_PIPELINE           ; 0           ; Untyped                              ;
; MAXIMIZE_SPEED         ; 5           ; Untyped                              ;
; REGISTERED_AT_END      ; 0           ; Untyped                              ;
; OPTIMIZE_FOR_SPEED     ; 1           ; Untyped                              ;
; USE_CS_BUFFERS         ; 1           ; Untyped                              ;
; CARRY_CHAIN            ; MANUAL      ; Untyped                              ;
; CARRY_CHAIN_LENGTH     ; 48          ; CARRY_CHAIN_LENGTH                   ;
; DEVICE_FAMILY          ; FLEX10K     ; Untyped                              ;
; USE_WYS                ; OFF         ; Untyped                              ;
; STYLE                  ; FAST        ; Untyped                              ;
; CBXI_PARAMETER         ; add_sub_enh ; Untyped                              ;
; AUTO_CARRY_CHAINS      ; ON          ; AUTO_CARRY                           ;
; IGNORE_CARRY_BUFFERS   ; OFF         ; IGNORE_CARRY                         ;
; AUTO_CASCADE_CHAINS    ; ON          ; AUTO_CASCADE                         ;
; IGNORE_CASCADE_BUFFERS ; OFF         ; IGNORE_CASCADE                       ;
+------------------------+-------------+--------------------------------------+
Note: In order to hide this table in the UI and the text report file, please set the "Show Parameter Settings Tables in Synthesis Report" option in "Analysis and Synthesis Settings -> More Settings" to "Off".


+-------------------------------+
; Analysis & Synthesis Messages ;
+-------------------------------+
Info: *******************************************************************
Info: Running Quartus II Analysis & Synthesis
    Info: Version 9.0 Build 132 02/25/2009 SJ Full Version
    Info: Processing started: Sat Dec 25 17:23:14 2021
Info: Command: quartus_map --read_settings_files=on --write_settings_files=off zidongshouhuoji -c zidongshouhuoji
Info: Found 2 design units, including 1 entities, in source file init.vhd
    Info: Found design unit 1: init-goods
    Info: Found entity 1: init
Info: Found 2 design units, including 1 entities, in source file zidongshouhuoji.vhd
    Info: Found design unit 1: zidongshouhuoji-one
    Info: Found entity 1: zidongshouhuoji
Info: Found 2 design units, including 1 entities, in source file clkdiv.vhd
    Info: Found design unit 1: clkdiv-rt1
    Info: Found entity 1: clkdiv
Info: Found 2 design units, including 1 entities, in source file showsmg.vhd
    Info: Found design unit 1: showsmg-one
    Info: Found entity 1: showsmg
Info: Found 2 design units, including 1 entities, in source file goods.vhd
    Info: Found design unit 1: goods-onee
    Info: Found entity 1: goods
Info: Found 2 design units, including 1 entities, in source file xuanze.vhd
    Info: Found design unit 1: xuanze-one
    Info: Found entity 1: xuanze
Info: Elaborating entity "zidongshouhuoji" for the top level hierarchy
Info: Elaborating entity "init" for hierarchy "init:u1"
Info: Elaborating entity "clkdiv" for hierarchy "clkdiv:u2"
Warning (10492): VHDL Process Statement warning at clkdiv.vhd(45): signal "ksjs" is read inside the Process Statement but isn't in the Process Statement's sensitivity list
Warning (10492): VHDL Process Statement warning at clkdiv.vhd(60): signal "gewei1" is read inside the Process Statement but isn't in the Process Statement's sensitivity list
Warning (10492): VHDL Process Statement warning at clkdiv.vhd(60): signal "shiwei1" is read inside the Process Statement but isn't in the Process Statement's sensitivity list
Warning (10492): VHDL Process Statement warning at clkdiv.vhd(60): signal "chaoshi0" is read inside the Process Statement but isn't in the Process Statement's sensitivity list
Warning (10492): VHDL Process Statement warning at clkdiv.vhd(65): signal "pay" is read inside the Process Statement but isn't in the Process Statement's sensitivity list
Warning (10492): VHDL Process Statement warning at clkdiv.vhd(70): signal "chuhuo0" is read inside the Process Statement but isn't in the Process Statement's sensitivity list
Warning (10492): VHDL Process Statement warning at clkdiv.vhd(71): signal "pcount" is read inside the Process Statement but isn't in the Process Statement's sensitivity list
Warning (10492): VHDL Process Statement warning at clkdiv.vhd(74): signal "pcount" is read inside the Process Statement but isn't in the Process Statement's sensitivity list
Warning (10492): VHDL Process Statement warning at clkdiv.vhd(78): signal "chuhuo0" is read inside the Process Statement but isn't in the Process Statement's sensitivity list
Warning (10631): VHDL Process Statement warning at clkdiv.vhd(63): inferring latch(es) for signal or variable "chuhuo0", which holds its previous value in one or more paths through the process
Warning (10631): VHDL Process Statement warning at clkdiv.vhd(63): inferring latch(es) for signal or variable "pcount", which holds its previous value in one or more paths through the process
Info (10041): Inferred latch for "pcount[0]" at clkdiv.vhd(63)
Info (10041): Inferred latch for "pcount[1]" at clkdiv.vhd(63)
Info (10041): Inferred latch for "chuhuo0" at clkdiv.vhd(63)
Info: Elaborating entity "xuanze" for hierarchy "xuanze:u3"
Warning (10492): VHDL Process Statement warning at xuanze.vhd(23): signal "price1" is read inside the Process Statement but isn't in the Process Statement's sensitivity list
Warning (10492): VHDL Process Statement warning at xuanze.vhd(24): signal "price2" is read inside the Process Statement but isn't in the Process Statement's sensitivity list
Warning (10492): VHDL Process Statement warning at xuanze.vhd(25): signal "price3" is read inside the Process Statement but isn't in the Process Statement's sensitivity list
Warning (10492): VHDL Process Statement warning at xuanze.vhd(26): signal "price4" is read inside the Process Statement but isn't in the Process Statement's sensitivity list
Warning (10492): VHDL Process Statement warning at xuanze.vhd(27): signal "price5" is read inside the Process Statement but isn't in the Process Statement's sensitivity list
Warning (10492): VHDL Process Statement warning at xuanze.vhd(28): signal "price6" is read inside the Process Statement but isn't in the Process Statement's sensitivity list
Info: Elaborating entity "goods" for hierarchy "goods:g1"
Info: Elaborating entity "showsmg" for hierarchy "showsmg:u"
Info: Inferred 1 megafunctions from design logic
    Info: Inferred adder/subtractor megafunction ("lpm_add_sub") from the following logic: "clkdiv:u2|Add0"
Info: Elaborated megafunction instantiation "clkdiv:u2|lpm_add_sub:Add0"
Info: Instantiated megafunction "clkdiv:u2|lpm_add_sub:Add0" with the following parameter:
    Info: Parameter "LPM_WIDTH" = "7"
    Info: Parameter "LPM_DIRECTION" = "ADD"
    Info: Parameter "LPM_REPRESENTATION" = "UNSIGNED"
    Info: Parameter "ONE_INPUT_IS_CONSTANT" = "YES"
Info: Elaborated megafunction instantiation "clkdiv:u2|lpm_add_sub:Add0|addcore:adder", which is child of megafunction instantiation "clkdiv:u2|lpm_add_sub:Add0"
Info: Elaborated megafunction instantiation "clkdiv:u2|lpm_add_sub:Add0|addcore:adder|a_csnbuffer:oflow_node", which is child of megafunction instantiation "clkdiv:u2|lpm_add_sub:Add0"
Info: Elaborated megafunction instantiation "clkdiv:u2|lpm_add_sub:Add0|addcore:adder|a_csnbuffer:result_node", which is child of megafunction instantiation "clkdiv:u2|lpm_add_sub:Add0"
Info: Elaborated megafunction instantiation "clkdiv:u2|lpm_add_sub:Add0|altshift:result_ext_latency_ffs", which is child of megafunction instantiation "clkdiv:u2|lpm_add_sub:Add0"
Info: Elaborated megafunction instantiation "clkdiv:u2|lpm_add_sub:Add0|altshift:carry_ext_latency_ffs", which is child of megafunction instantiation "clkdiv:u2|lpm_add_sub:Add0"
Warning: Latch clkdiv:u2|chuhuo0 has unsafe behavior
    Warning: Ports D and ENA on the latch are fed by the same signal clkdiv:u2|chuhuo0
Warning: Output pins are stuck at VCC or GND
    Warning (13410): Pin "price[3]" is stuck at GND
    Warning (13410): Pin "smg[7]" is stuck at GND
Info: Registers with preset signals will power-up high
Info: Implemented 265 device resources after synthesis - the final resource count might be different
    Info: Implemented 10 input pins
    Info: Implemented 28 output pins
    Info: Implemented 227 logic cells
Info: Quartus II Analysis & Synthesis was successful. 0 errors, 22 warnings
    Info: Peak virtual memory: 246 megabytes
    Info: Processing ended: Sat Dec 25 17:23:16 2021
    Info: Elapsed time: 00:00:02
    Info: Total CPU time (on all processors): 00:00:02


